<?xml version="1.0" encoding="UTF-8"?>
<!-- Generated by org.testng.reporters.JUnitReportReporter -->
<testsuite hostname="LAPTOP-DIH0B6T6" failures="0" tests="3" name="com.example.tests.ProductTest" time="13.849" errors="0" timestamp="2023-04-20T19:40:40 ICT" skipped="0">
  <testcase classname="com.example.tests.ProductTest" name="verifyTheProductsPageTitle" time="4.558"/>
  <system-out/>
  <testcase classname="com.example.tests.ProductTest" name="verifyTheButtonAddToCartDisplayOnProductsPage" time="0.617"/>
  <system-out/>
  <testcase classname="com.example.tests.ProductTest" name="verifyClicktButtonAddToCart" time="8.674"/>
  <system-out/>
</testsuite> <!-- com.example.tests.ProductTest -->
